<?xml version="1.0" encoding="UTF-8"?>
<!-- Generated by org.testng.reporters.JUnitReportReporter -->
<testsuite skipped="0" hostname="DE5NHJQQ2" name="TestPackage.SimpleRun" tests="1" failures="0" timestamp="2020-03-23T15:51:45 IST" time="2.308" errors="0">
  <testcase name="Startup" time="2.308" classname="TestPackage.SimpleRun"/>
</testsuite> <!-- TestPackage.SimpleRun -->
